<?xml version="1.0" encoding="UTF-8"?>
<testng-results ignored="0" total="1" passed="1" failed="0" skipped="0">
  <reporter-output>
  </reporter-output>
  <suite started-at="2024-10-21T09:30:11 IST" name="Default suite" finished-at="2024-10-21T09:30:40 IST" duration-ms="28951">
    <groups>
    </groups>
    <test started-at="2024-10-21T09:30:11 IST" name="Default test" finished-at="2024-10-21T09:30:40 IST" duration-ms="28951">
      <class name="junelummaven.Atest">
        <test-method is-config="true" signature="setup()[pri:0, instance:junelummaven.Atest@4659191b]" started-at="2024-10-21T09:30:11 IST" name="setup" finished-at="2024-10-21T09:30:16 IST" duration-ms="5134" status="PASS">
          <reporter-output>
          </reporter-output>
        </test-method> <!-- setup -->
        <test-method signature="url()[pri:0, instance:junelummaven.Atest@4659191b]" started-at="2024-10-21T09:30:16 IST" name="url" finished-at="2024-10-21T09:30:40 IST" duration-ms="23772" status="PASS">
          <reporter-output>
          </reporter-output>
        </test-method> <!-- url -->
      </class> <!-- junelummaven.Atest -->
    </test> <!-- Default test -->
  </suite> <!-- Default suite -->
</testng-results>
